<?xml version="1.0" encoding="UTF-8"?>
<!-- Generated by org.testng.reporters.JUnitReportReporter -->
<testsuite skipped="0" hostname="ABHISHEK" name="TC_10Test" tests="1" failures="0" timestamp="2021-08-22T20:29:36 IST" time="23.928" errors="0">
  <testcase name="createContactTC_10" time="23.928" classname="TC_10Test"/>
  <system-out>
    <![CDATA[HomePage is displayed
ContatctPage is displayed
Creating New Contact Page is displayed
Contatct Information Updated Page is displayed]]>
  </system-out>
</testsuite> <!-- TC_10Test -->
