<?xml version="1.0" encoding="UTF-8"?>
<!-- Generated by org.testng.reporters.JUnitReportReporter -->
<testsuite skipped="0" hostname="ABHISHEK" name="TC_08Test" tests="1" failures="0" timestamp="2021-08-22T20:33:28 IST" time="20.660" errors="0">
  <testcase name="createContactTC_08" time="20.660" classname="TC_08Test"/>
  <system-out>
    <![CDATA[HomePage is displayed
ContatctPage is displayed
Creating New Contact Page is displayed
Contatct Information Updated Page is displayed]]>
  </system-out>
</testsuite> <!-- TC_08Test -->
