<?xml version="1.0" encoding="UTF-8"?>
<!-- Generated by org.testng.reporters.JUnitReportReporter -->
<testsuite skipped="0" hostname="ABHISHEK" name="vtigerTestScripts.TC_12Test" tests="1" failures="0" timestamp="2021-08-23T11:53:00 IST" time="23.905" errors="0">
  <testcase name="createContactTC_12" time="23.905" classname="vtigerTestScripts.TC_12Test"/>
  <system-out>
    <![CDATA[HomePage is displayed
ContatctPage is displayed
Creating New Contact Page is displayed
Contatct Information Updated Page is displayed]]>
  </system-out>
</testsuite> <!-- vtigerTestScripts.TC_12Test -->
